<?xml version="1.0" encoding="UTF-8"?>
<testsuite xmlns:xsi="http://www.w3.org/2001/XMLSchema-instance" xsi:noNamespaceSchemaLocation="https://maven.apache.org/surefire/maven-surefire-plugin/xsd/surefire-test-report.xsd" version="3.0.2" name="com.fsb.onlinestore.OnlinestoreApplicationTests" time="2.012" tests="1" errors="0" skipped="0" failures="0">
  <properties>
[...]
</properties>
  <testcase name="contextLoads" classname="com.fsb.onlinestore.OnlinestoreApplicationTests" time="0.553">
    <system-out><![CDATA[23:52:31.595 [main] INFO org.springframework.boot.devtools.restart.RestartApplicationListener -- Restart disabled due to context in which it is running

  .   ____          _            __ _ _
 /\\ / ___'_ __ _ _(_)_ __  __ _ \ \ \ \
( ( )\___ | '_ | '_| | '_ \/ _` | \ \ \ \
 \\/  ___)| |_)| | | | | || (_| |  ) ) ) )
  '  |____| .__|_| |_|_| |_\__, | / / / /
 =========|_|==============|___/=/_/_/_/

 :: Spring Boot ::                (v4.0.3)

2026-04-07T23:52:31.814+01:00  INFO 4236 --- [onlinestore] [           main] c.f.o.OnlinestoreApplicationTests        : Starting OnlinestoreApplicationTests using Java 25 with PID 4236 (started by medam in C:\Users\medam\Downloads\Online-Store-main)
2026-04-07T23:52:31.815+01:00  INFO 4236 --- [onlinestore] [           main] c.f.o.OnlinestoreApplicationTests        : No active profile set, falling back to 1 default profile: "default"
2026-04-07T23:52:32.477+01:00  INFO 4236 --- [onlinestore] [           main] o.s.b.w.a.WelcomePageHandlerMapping      : Adding welcome page template: index
2026-04-07T23:52:32.726+01:00  INFO 4236 --- [onlinestore] [           main] c.f.o.OnlinestoreApplicationTests        : Started OnlinestoreApplicationTests in 1.14 seconds (process running for 2.03)
]]></system-out>
    <system-err><![CDATA[Mockito is currently self-attaching to enable the inline-mock-maker. This will no longer work in future releases of the JDK. Please add Mockito as an agent to your build as described in Mockito's documentation: https://javadoc.io/doc/org.mockito/mockito-core/latest/org.mockito/org/mockito/Mockito.html#0.3
WARNING: A Java agent has been loaded dynamically (C:\Users\medam\.m2\repository\net\bytebuddy\byte-buddy-agent\1.17.8\byte-buddy-agent-1.17.8.jar)
WARNING: If a serviceability tool is in use, please run with -XX:+EnableDynamicAgentLoading to hide this warning
WARNING: If a serviceability tool is not in use, please run with -Djdk.instrument.traceUsage for more information
WARNING: Dynamic loading of agents will be disallowed by default in a future release
]]></system-err>
  </testcase>
</testsuite>